\BOOKMARK [1][-]{section.1}{\376\377\000S\000t\000a\000n\000d\000a\000r\000d\000\040\000M\000o\000d\000e\000l}{}% 1
\BOOKMARK [2][-]{subsection.1.1}{\376\377\000F\000u\000n\000d\000a\000m\000e\000n\000t\000a\000l\000\040\000P\000a\000r\000t\000i\000c\000l\000e\000s}{section.1}% 2
\BOOKMARK [3][-]{subsubsection.1.1.1}{\376\377\000F\000e\000r\000m\000i\000o\000n\000s}{subsection.1.1}% 3
\BOOKMARK [3][-]{subsubsection.1.1.2}{\376\377\000S\000p\000i\000n}{subsection.1.1}% 4
\BOOKMARK [2][-]{subsection.1.2}{\376\377\000L\000i\000m\000i\000t\000s}{section.1}% 5
\BOOKMARK [2][-]{subsection.1.3}{\376\377\000Q\000u\000a\000n\000t\000u\000m\000\040\000S\000c\000a\000l\000a\000r\000\040\000F\000i\000e\000l\000d}{section.1}% 6
\BOOKMARK [3][-]{subsubsection.1.3.1}{\376\377\000F\000i\000e\000l\000d}{subsection.1.3}% 7
\BOOKMARK [3][-]{subsubsection.1.3.2}{\376\377\000Q\000u\000a\000n\000t\000u\000m}{subsection.1.3}% 8
\BOOKMARK [3][-]{subsubsection.1.3.3}{\376\377\000S\000c\000a\000l\000a\000r}{subsection.1.3}% 9
\BOOKMARK [1][-]{section.2}{\376\377\000B\000r\000o\000u\000t\000-\000E\000n\000g\000l\000e\000r\000t\000-\000H\000i\000g\000g\000s\000\040\000\050\000B\000E\000H\000\051\000\040\000M\000e\000c\000h\000a\000n\000i\000s\000m}{}% 10
\BOOKMARK [2][-]{subsection.2.1}{\376\377\000P\000h\000y\000s\000i\000c\000a\000l\000\040\000V\000i\000e\000w}{section.2}% 11
\BOOKMARK [3][-]{subsubsection.2.1.1}{\376\377\000P\000r\000o\000b\000l\000e\000m}{subsection.2.1}% 12
\BOOKMARK [3][-]{subsubsection.2.1.2}{\376\377\000S\000p\000o\000n\000t\000a\000n\000e\000o\000u\000s\000\040\000S\000y\000m\000m\000e\000t\000r\000y\000\040\000B\000r\000e\000a\000k\000i\000n\000g}{subsection.2.1}% 13
\BOOKMARK [2][-]{subsection.2.2}{\376\377\000M\000a\000t\000h\000e\000m\000a\000t\000i\000c\000a\000l\000\040\000M\000o\000d\000e\000l}{section.2}% 14
\BOOKMARK [3][-]{subsubsection.2.2.1}{\376\377\000T\000h\000e\000\040\000H\000i\000g\000g\000s\000\040\000P\000o\000t\000e\000n\000t\000i\000a\000l}{subsection.2.2}% 15
\BOOKMARK [3][-]{subsubsection.2.2.2}{\376\377\000V\000a\000c\000u\000u\000m\000\040\000E\000x\000p\000e\000c\000t\000a\000t\000i\000o\000n\000\040\000V\000a\000l\000u\000e}{subsection.2.2}% 16
\BOOKMARK [3][-]{subsubsection.2.2.3}{\376\377\000M\000a\000s\000s\000\040\000o\000f\000\040\000t\000h\000e\000\040\000P\000h\000y\000s\000i\000c\000a\000l\000\040\000H\000i\000g\000g\000s\000\040\000B\000o\000s\000o\000n}{subsection.2.2}% 17
\BOOKMARK [3][-]{subsubsection.2.2.4}{\376\377\000H\000i\000g\000g\000s\000\040\000C\000o\000u\000p\000l\000i\000n\000g\000\040\000w\000i\000t\000h\000\040\000o\000t\000h\000e\000r\000\040\000B\000o\000s\000o\000n\000s}{subsection.2.2}% 18
\BOOKMARK [2][-]{subsection.2.3}{\376\377\000G\000o\000l\000d\000s\000t\000o\000n\000e\000\040\000B\000o\000s\000o\000n\000\040\000A\000b\000s\000o\000r\000p\000t\000i\000o\000n}{section.2}% 19
\BOOKMARK [1][-]{section.3}{\376\377\000H\000i\000g\000g\000s\000\040\000C\000o\000u\000p\000l\000i\000n\000g\000\040\000a\000n\000d\000\040\000M\000a\000s\000s\000\040\000P\000r\000o\000p\000o\000r\000t\000i\000o\000n\000a\000l\000i\000t\000y}{}% 20
\BOOKMARK [2][-]{subsection.3.1}{\376\377\000T\000h\000e\000\040\000Y\000u\000k\000a\000w\000a\000\040\000I\000n\000t\000e\000r\000a\000c\000t\000i\000o\000n\000\040\000T\000e\000r\000m}{section.3}% 21
\BOOKMARK [2][-]{subsection.3.2}{\376\377\000D\000e\000r\000i\000v\000a\000t\000i\000o\000n\000\040\000o\000f\000\040\000t\000h\000e\000\040\000P\000r\000o\000p\000o\000r\000t\000i\000o\000n\000a\000l\000i\000t\000y}{section.3}% 22
\BOOKMARK [1][-]{section.4}{\376\377\000S\000y\000n\000t\000h\000e\000s\000i\000s}{}% 23
\BOOKMARK [2][-]{subsection.4.1}{\376\377\000M\000a\000s\000s\000\040\000g\000e\000n\000e\000r\000a\000t\000i\000o\000n\000\040\000f\000o\000r\000\040\000F\000e\000r\000m\000i\000o\000n\000s}{section.4}% 24
\BOOKMARK [2][-]{subsection.4.2}{\376\377\000L\000i\000n\000k\000\040\000w\000i\000t\000h\000\040\000t\000h\000e\000\040\000H\000i\000g\000g\000s\000\040\000B\000o\000s\000o\000n}{section.4}% 25
